[13:18:13] [ServerMain/INFO]: Building unoptimized datafixer
[13:18:14] [ServerMain/INFO]: Environment: authHost='https://authserver.mojang.com', accountsHost='https://api.mojang.com', sessionHost='https://sessionserver.mojang.com', servicesHost='https://api.minecraftservices.com', name='PROD'
[13:18:16] [ServerMain/INFO]: Loaded 7 recipes
[13:18:18] [Server thread/INFO]: Starting minecraft server version 1.19
[13:18:18] [Server thread/INFO]: Loading properties
[13:18:18] [Server thread/INFO]: This server is running CraftBukkit version 3552-Spigot-14a2382-fc30711 (MC: 1.19) (Implementing API version 1.19-R0.1-SNAPSHOT)
[13:18:18] [Server thread/INFO]: Debug logging is disabled
[13:18:18] [Server thread/INFO]: Server Ping Player Sample Count: 12
[13:18:18] [Server thread/INFO]: Using 4 threads for Netty based IO
[13:18:18] [Server thread/INFO]: Default game type: SURVIVAL
[13:18:18] [Server thread/INFO]: Generating keypair
[13:18:18] [Server thread/INFO]: Starting Minecraft server on *:25575
[13:18:18] [Server thread/INFO]: Using epoll channel type
[13:18:18] [Server thread/ERROR]: Ambiguous plugin name `Skyblock' for files `plugins/Skyblock-1.0-SNAPSHOT.jar' and `plugins/original-Skyblock-1.0-SNAPSHOT.jar' in `plugins'
[13:18:19] [Server thread/INFO]: [Skyblock] Loading Skyblock v1.0-SNAPSHOT
[13:18:19] [Server thread/INFO]: Preparing level "world"
[13:18:19] [Server thread/INFO]: -------- World Settings For [world] --------
[13:18:19] [Server thread/INFO]: Entity Activation Range: An 32 / Mo 32 / Ra 48 / Mi 16 / Tiv true / Isa false
[13:18:19] [Server thread/INFO]: Entity Tracking Range: Pl 48 / An 48 / Mo 48 / Mi 32 / Other 64
[13:18:19] [Server thread/INFO]: Hopper Transfer: 8 Hopper Check: 1 Hopper Amount: 1 Hopper Can Load Chunks: false
[13:18:19] [Server thread/INFO]: Custom Map Seeds:  Village: 10387312 Desert: 14357617 Igloo: 14357618 Jungle: 14357619 Swamp: 14357620 Monument: 10387313 Ocean: 14357621 Shipwreck: 165745295 End City: 10387313 Slime: 987234911 Nether: 30084232 Mansion: 10387319 Fossil: 14357921 Portal: 34222645
[13:18:19] [Server thread/INFO]: Experience Merge Radius: 3.0
[13:18:19] [Server thread/INFO]: Mob Spawn Range: 6
[13:18:19] [Server thread/INFO]: Cactus Growth Modifier: 100%
[13:18:19] [Server thread/INFO]: Cane Growth Modifier: 100%
[13:18:19] [Server thread/INFO]: Melon Growth Modifier: 100%
[13:18:19] [Server thread/INFO]: Mushroom Growth Modifier: 100%
[13:18:19] [Server thread/INFO]: Pumpkin Growth Modifier: 100%
[13:18:19] [Server thread/INFO]: Sapling Growth Modifier: 100%
[13:18:19] [Server thread/INFO]: Beetroot Growth Modifier: 100%
[13:18:19] [Server thread/INFO]: Carrot Growth Modifier: 100%
[13:18:19] [Server thread/INFO]: Potato Growth Modifier: 100%
[13:18:19] [Server thread/INFO]: Wheat Growth Modifier: 100%
[13:18:19] [Server thread/INFO]: NetherWart Growth Modifier: 100%
[13:18:19] [Server thread/INFO]: Vine Growth Modifier: 100%
[13:18:19] [Server thread/INFO]: Cocoa Growth Modifier: 100%
[13:18:19] [Server thread/INFO]: Bamboo Growth Modifier: 100%
[13:18:19] [Server thread/INFO]: SweetBerry Growth Modifier: 100%
[13:18:19] [Server thread/INFO]: Kelp Growth Modifier: 100%
[13:18:19] [Server thread/INFO]: Max TNT Explosions: 100
[13:18:19] [Server thread/INFO]: Tile Max Tick Time: 50ms Entity max Tick Time: 50ms
[13:18:19] [Server thread/INFO]: Item Despawn Rate: 6000
[13:18:19] [Server thread/INFO]: Item Merge Radius: 2.5
[13:18:19] [Server thread/INFO]: View Distance: 10
[13:18:19] [Server thread/INFO]: Simulation Distance: 10
[13:18:19] [Server thread/INFO]: Allow Zombie Pigmen to spawn from portal blocks: true
[13:18:19] [Server thread/INFO]: Arrow Despawn Rate: 1200 Trident Respawn Rate:1200
[13:18:19] [Server thread/INFO]: Zombie Aggressive Towards Villager: true
[13:18:19] [Server thread/INFO]: Nerfing mobs spawned from spawners: false
[13:18:19] [Server thread/INFO]: -------- World Settings For [world_nether] --------
[13:18:19] [Server thread/INFO]: Entity Activation Range: An 32 / Mo 32 / Ra 48 / Mi 16 / Tiv true / Isa false
[13:18:19] [Server thread/INFO]: Entity Tracking Range: Pl 48 / An 48 / Mo 48 / Mi 32 / Other 64
[13:18:19] [Server thread/INFO]: Hopper Transfer: 8 Hopper Check: 1 Hopper Amount: 1 Hopper Can Load Chunks: false
[13:18:19] [Server thread/INFO]: Custom Map Seeds:  Village: 10387312 Desert: 14357617 Igloo: 14357618 Jungle: 14357619 Swamp: 14357620 Monument: 10387313 Ocean: 14357621 Shipwreck: 165745295 End City: 10387313 Slime: 987234911 Nether: 30084232 Mansion: 10387319 Fossil: 14357921 Portal: 34222645
[13:18:19] [Server thread/INFO]: Experience Merge Radius: 3.0
[13:18:19] [Server thread/INFO]: Mob Spawn Range: 6
[13:18:19] [Server thread/INFO]: Cactus Growth Modifier: 100%
[13:18:19] [Server thread/INFO]: Cane Growth Modifier: 100%
[13:18:19] [Server thread/INFO]: Melon Growth Modifier: 100%
[13:18:19] [Server thread/INFO]: Mushroom Growth Modifier: 100%
[13:18:19] [Server thread/INFO]: Pumpkin Growth Modifier: 100%
[13:18:19] [Server thread/INFO]: Sapling Growth Modifier: 100%
[13:18:19] [Server thread/INFO]: Beetroot Growth Modifier: 100%
[13:18:19] [Server thread/INFO]: Carrot Growth Modifier: 100%
[13:18:19] [Server thread/INFO]: Potato Growth Modifier: 100%
[13:18:19] [Server thread/INFO]: Wheat Growth Modifier: 100%
[13:18:19] [Server thread/INFO]: NetherWart Growth Modifier: 100%
[13:18:19] [Server thread/INFO]: Vine Growth Modifier: 100%
[13:18:19] [Server thread/INFO]: Cocoa Growth Modifier: 100%
[13:18:19] [Server thread/INFO]: Bamboo Growth Modifier: 100%
[13:18:19] [Server thread/INFO]: SweetBerry Growth Modifier: 100%
[13:18:19] [Server thread/INFO]: Kelp Growth Modifier: 100%
[13:18:19] [Server thread/INFO]: Max TNT Explosions: 100
[13:18:19] [Server thread/INFO]: Tile Max Tick Time: 50ms Entity max Tick Time: 50ms
[13:18:19] [Server thread/INFO]: Item Despawn Rate: 6000
[13:18:19] [Server thread/INFO]: Item Merge Radius: 2.5
[13:18:19] [Server thread/INFO]: View Distance: 10
[13:18:19] [Server thread/INFO]: Simulation Distance: 10
[13:18:19] [Server thread/INFO]: Allow Zombie Pigmen to spawn from portal blocks: true
[13:18:19] [Server thread/INFO]: Arrow Despawn Rate: 1200 Trident Respawn Rate:1200
[13:18:19] [Server thread/INFO]: Zombie Aggressive Towards Villager: true
[13:18:19] [Server thread/INFO]: Nerfing mobs spawned from spawners: false
[13:18:19] [Server thread/INFO]: -------- World Settings For [world_the_end] --------
[13:18:19] [Server thread/INFO]: Entity Activation Range: An 32 / Mo 32 / Ra 48 / Mi 16 / Tiv true / Isa false
[13:18:19] [Server thread/INFO]: Entity Tracking Range: Pl 48 / An 48 / Mo 48 / Mi 32 / Other 64
[13:18:19] [Server thread/INFO]: Hopper Transfer: 8 Hopper Check: 1 Hopper Amount: 1 Hopper Can Load Chunks: false
[13:18:19] [Server thread/INFO]: Custom Map Seeds:  Village: 10387312 Desert: 14357617 Igloo: 14357618 Jungle: 14357619 Swamp: 14357620 Monument: 10387313 Ocean: 14357621 Shipwreck: 165745295 End City: 10387313 Slime: 987234911 Nether: 30084232 Mansion: 10387319 Fossil: 14357921 Portal: 34222645
[13:18:19] [Server thread/INFO]: Experience Merge Radius: 3.0
[13:18:19] [Server thread/INFO]: Mob Spawn Range: 6
[13:18:19] [Server thread/INFO]: Cactus Growth Modifier: 100%
[13:18:19] [Server thread/INFO]: Cane Growth Modifier: 100%
[13:18:19] [Server thread/INFO]: Melon Growth Modifier: 100%
[13:18:19] [Server thread/INFO]: Mushroom Growth Modifier: 100%
[13:18:19] [Server thread/INFO]: Pumpkin Growth Modifier: 100%
[13:18:19] [Server thread/INFO]: Sapling Growth Modifier: 100%
[13:18:19] [Server thread/INFO]: Beetroot Growth Modifier: 100%
[13:18:19] [Server thread/INFO]: Carrot Growth Modifier: 100%
[13:18:19] [Server thread/INFO]: Potato Growth Modifier: 100%
[13:18:19] [Server thread/INFO]: Wheat Growth Modifier: 100%
[13:18:19] [Server thread/INFO]: NetherWart Growth Modifier: 100%
[13:18:19] [Server thread/INFO]: Vine Growth Modifier: 100%
[13:18:19] [Server thread/INFO]: Cocoa Growth Modifier: 100%
[13:18:19] [Server thread/INFO]: Bamboo Growth Modifier: 100%
[13:18:19] [Server thread/INFO]: SweetBerry Growth Modifier: 100%
[13:18:19] [Server thread/INFO]: Kelp Growth Modifier: 100%
[13:18:19] [Server thread/INFO]: Max TNT Explosions: 100
[13:18:19] [Server thread/INFO]: Tile Max Tick Time: 50ms Entity max Tick Time: 50ms
[13:18:19] [Server thread/INFO]: Item Despawn Rate: 6000
[13:18:19] [Server thread/INFO]: Item Merge Radius: 2.5
[13:18:19] [Server thread/INFO]: View Distance: 10
[13:18:19] [Server thread/INFO]: Simulation Distance: 10
[13:18:19] [Server thread/INFO]: Allow Zombie Pigmen to spawn from portal blocks: true
[13:18:19] [Server thread/INFO]: Arrow Despawn Rate: 1200 Trident Respawn Rate:1200
[13:18:19] [Server thread/INFO]: Zombie Aggressive Towards Villager: true
[13:18:19] [Server thread/INFO]: Nerfing mobs spawned from spawners: false
[13:18:19] [Server thread/INFO]: Preparing start region for dimension minecraft:overworld
[13:18:21] [Worker-Main-4/INFO]: Preparing spawn area: 0%
[13:18:21] [Worker-Main-1/INFO]: Preparing spawn area: 0%
[13:18:21] [Worker-Main-4/INFO]: Preparing spawn area: 0%
[13:18:21] [Worker-Main-1/INFO]: Preparing spawn area: 0%
[13:18:21] [Worker-Main-5/INFO]: Preparing spawn area: 0%
[13:18:22] [Worker-Main-5/INFO]: Preparing spawn area: 0%
[13:18:22] [Worker-Main-5/INFO]: Preparing spawn area: 0%
[13:18:23] [Worker-Main-1/INFO]: Preparing spawn area: 10%
[13:18:23] [Worker-Main-4/INFO]: Preparing spawn area: 87%
[13:18:23] [Server thread/INFO]: Time elapsed: 4099 ms
[13:18:23] [Server thread/INFO]: Preparing start region for dimension minecraft:the_nether
[13:18:24] [Worker-Main-4/INFO]: Preparing spawn area: 0%
[13:18:24] [Worker-Main-4/INFO]: Preparing spawn area: 0%
[13:18:24] [Worker-Main-4/INFO]: Preparing spawn area: 0%
[13:18:25] [Worker-Main-1/INFO]: Preparing spawn area: 0%
[13:18:25] [Worker-Main-2/INFO]: Preparing spawn area: 0%
[13:18:26] [Worker-Main-1/INFO]: Preparing spawn area: 96%
[13:18:26] [Server thread/INFO]: Time elapsed: 2511 ms
[13:18:26] [Server thread/INFO]: Preparing start region for dimension minecraft:the_end
[13:18:27] [Worker-Main-5/INFO]: Preparing spawn area: 0%
[13:18:27] [Worker-Main-2/INFO]: Preparing spawn area: 0%
[13:18:27] [Worker-Main-4/INFO]: Preparing spawn area: 0%
[13:18:27] [Worker-Main-1/INFO]: Preparing spawn area: 23%
[13:18:28] [Server thread/INFO]: Time elapsed: 1928 ms
[13:18:28] [Server thread/INFO]: [Skyblock] Enabling Skyblock v1.0-SNAPSHOT
[13:18:28] [Server thread/WARN]: Initializing Legacy Material Support. Unless you have legacy plugins and/or data this is a bug!
[13:18:32] [Server thread/INFO]: Server permissions file permissions.yml is empty, ignoring it
[13:18:32] [Server thread/INFO]: Done (13.097s)! For help, type "help"
[13:18:34] [User Authenticator #1/INFO]: UUID of player Julia_Pilz is 40cff324-7d8a-401a-9863-25f39325a606
[13:18:34] [Server thread/ERROR]: Could not pass event PlayerJoinEvent to Skyblock v1.0-SNAPSHOT
org.bukkit.event.EventException: null
	at org.bukkit.plugin.java.JavaPluginLoader$1.execute(JavaPluginLoader.java:310) ~[spigot-api-1.19-R0.1-SNAPSHOT.jar:?]
	at org.bukkit.plugin.RegisteredListener.callEvent(RegisteredListener.java:70) ~[spigot-api-1.19-R0.1-SNAPSHOT.jar:?]
	at org.bukkit.plugin.SimplePluginManager.fireEvent(SimplePluginManager.java:589) ~[spigot-api-1.19-R0.1-SNAPSHOT.jar:?]
	at org.bukkit.plugin.SimplePluginManager.callEvent(SimplePluginManager.java:576) ~[spigot-api-1.19-R0.1-SNAPSHOT.jar:?]
	at net.minecraft.server.players.PlayerList.a(PlayerList.java:281) ~[spigot-1.19-R0.1-SNAPSHOT.jar:3552-Spigot-14a2382-fc30711]
	at net.minecraft.server.network.LoginListener.a(LoginListener.java:195) ~[spigot-1.19-R0.1-SNAPSHOT.jar:3552-Spigot-14a2382-fc30711]
	at net.minecraft.server.network.LoginListener.d(LoginListener.java:181) ~[spigot-1.19-R0.1-SNAPSHOT.jar:3552-Spigot-14a2382-fc30711]
	at net.minecraft.server.network.LoginListener.c(LoginListener.java:83) ~[spigot-1.19-R0.1-SNAPSHOT.jar:3552-Spigot-14a2382-fc30711]
	at net.minecraft.network.NetworkManager.a(NetworkManager.java:258) ~[spigot-1.19-R0.1-SNAPSHOT.jar:3552-Spigot-14a2382-fc30711]
	at net.minecraft.server.network.ServerConnection.c(ServerConnection.java:173) ~[spigot-1.19-R0.1-SNAPSHOT.jar:3552-Spigot-14a2382-fc30711]
	at net.minecraft.server.MinecraftServer.b(MinecraftServer.java:1312) ~[spigot-1.19-R0.1-SNAPSHOT.jar:3552-Spigot-14a2382-fc30711]
	at net.minecraft.server.dedicated.DedicatedServer.b(DedicatedServer.java:394) ~[spigot-1.19-R0.1-SNAPSHOT.jar:3552-Spigot-14a2382-fc30711]
	at net.minecraft.server.MinecraftServer.a(MinecraftServer.java:1197) ~[spigot-1.19-R0.1-SNAPSHOT.jar:3552-Spigot-14a2382-fc30711]
	at net.minecraft.server.MinecraftServer.v(MinecraftServer.java:1010) ~[spigot-1.19-R0.1-SNAPSHOT.jar:3552-Spigot-14a2382-fc30711]
	at net.minecraft.server.MinecraftServer.lambda$0(MinecraftServer.java:291) ~[spigot-1.19-R0.1-SNAPSHOT.jar:3552-Spigot-14a2382-fc30711]
	at java.lang.Thread.run(Thread.java:833) [?:?]
Caused by: java.lang.NullPointerException: Cannot invoke "skyblock.skyblock.Skyblock.getConfig()" because "skyblock.skyblock.Skyblock.plugin" is null
	at skyblock.skyblock.Skyblock.pathExists(Skyblock.java:71) ~[?:?]
	at skyblock.listener.JoinListener.onJoin(JoinListener.java:21) ~[?:?]
	at jdk.internal.reflect.NativeMethodAccessorImpl.invoke0(Native Method) ~[?:?]
	at jdk.internal.reflect.NativeMethodAccessorImpl.invoke(NativeMethodAccessorImpl.java:77) ~[?:?]
	at jdk.internal.reflect.DelegatingMethodAccessorImpl.invoke(DelegatingMethodAccessorImpl.java:43) ~[?:?]
	at java.lang.reflect.Method.invoke(Method.java:568) ~[?:?]
	at org.bukkit.plugin.java.JavaPluginLoader$1.execute(JavaPluginLoader.java:306) ~[spigot-api-1.19-R0.1-SNAPSHOT.jar:?]
	... 15 more
[13:18:34] [Server thread/INFO]: >> Julia_Pilz
[13:18:34] [Server thread/INFO]: Julia_Pilz[/79.238.45.71:53970] logged in with entity id 236 at ([world]122.54408852256, 64.0, 376.4752152063233)
[13:25:49] [Server thread/INFO]: CONSOLE: [0;31;1mPlease note that this command is not supported and may cause issues when using some plugins.[m
[13:25:49] [Server thread/INFO]: CONSOLE: [0;31;1mIf you encounter any issues please use the /stop command to restart your server.[m
[13:25:49] [Server thread/INFO]: Debug logging is disabled
[13:25:49] [Server thread/INFO]: Server Ping Player Sample Count: 12
[13:25:49] [Server thread/INFO]: Using 4 threads for Netty based IO
[13:25:49] [Server thread/INFO]: -------- World Settings For [world] --------
[13:25:49] [Server thread/INFO]: Entity Activation Range: An 32 / Mo 32 / Ra 48 / Mi 16 / Tiv true / Isa false
[13:25:49] [Server thread/INFO]: Entity Tracking Range: Pl 48 / An 48 / Mo 48 / Mi 32 / Other 64
[13:25:49] [Server thread/INFO]: Hopper Transfer: 8 Hopper Check: 1 Hopper Amount: 1 Hopper Can Load Chunks: false
[13:25:49] [Server thread/INFO]: Custom Map Seeds:  Village: 10387312 Desert: 14357617 Igloo: 14357618 Jungle: 14357619 Swamp: 14357620 Monument: 10387313 Ocean: 14357621 Shipwreck: 165745295 End City: 10387313 Slime: 987234911 Nether: 30084232 Mansion: 10387319 Fossil: 14357921 Portal: 34222645
[13:25:49] [Server thread/INFO]: Experience Merge Radius: 3.0
[13:25:49] [Server thread/INFO]: Mob Spawn Range: 6
[13:25:49] [Server thread/INFO]: Cactus Growth Modifier: 100%
[13:25:49] [Server thread/INFO]: Cane Growth Modifier: 100%
[13:25:49] [Server thread/INFO]: Melon Growth Modifier: 100%
[13:25:49] [Server thread/INFO]: Mushroom Growth Modifier: 100%
[13:25:49] [Server thread/INFO]: Pumpkin Growth Modifier: 100%
[13:25:49] [Server thread/INFO]: Sapling Growth Modifier: 100%
[13:25:49] [Server thread/INFO]: Beetroot Growth Modifier: 100%
[13:25:49] [Server thread/INFO]: Carrot Growth Modifier: 100%
[13:25:49] [Server thread/INFO]: Potato Growth Modifier: 100%
[13:25:49] [Server thread/INFO]: Wheat Growth Modifier: 100%
[13:25:49] [Server thread/INFO]: NetherWart Growth Modifier: 100%
[13:25:49] [Server thread/INFO]: Vine Growth Modifier: 100%
[13:25:49] [Server thread/INFO]: Cocoa Growth Modifier: 100%
[13:25:49] [Server thread/INFO]: Bamboo Growth Modifier: 100%
[13:25:49] [Server thread/INFO]: SweetBerry Growth Modifier: 100%
[13:25:49] [Server thread/INFO]: Kelp Growth Modifier: 100%
[13:25:49] [Server thread/INFO]: Max TNT Explosions: 100
[13:25:49] [Server thread/INFO]: Tile Max Tick Time: 50ms Entity max Tick Time: 50ms
[13:25:49] [Server thread/INFO]: Item Despawn Rate: 6000
[13:25:49] [Server thread/INFO]: Item Merge Radius: 2.5
[13:25:49] [Server thread/INFO]: View Distance: 10
[13:25:49] [Server thread/INFO]: Simulation Distance: 10
[13:25:49] [Server thread/INFO]: Allow Zombie Pigmen to spawn from portal blocks: true
[13:25:49] [Server thread/INFO]: Arrow Despawn Rate: 1200 Trident Respawn Rate:1200
[13:25:49] [Server thread/INFO]: Zombie Aggressive Towards Villager: true
[13:25:49] [Server thread/INFO]: Nerfing mobs spawned from spawners: false
[13:25:49] [Server thread/INFO]: -------- World Settings For [world_nether] --------
[13:25:49] [Server thread/INFO]: Entity Activation Range: An 32 / Mo 32 / Ra 48 / Mi 16 / Tiv true / Isa false
[13:25:49] [Server thread/INFO]: Entity Tracking Range: Pl 48 / An 48 / Mo 48 / Mi 32 / Other 64
[13:25:49] [Server thread/INFO]: Hopper Transfer: 8 Hopper Check: 1 Hopper Amount: 1 Hopper Can Load Chunks: false
[13:25:49] [Server thread/INFO]: Custom Map Seeds:  Village: 10387312 Desert: 14357617 Igloo: 14357618 Jungle: 14357619 Swamp: 14357620 Monument: 10387313 Ocean: 14357621 Shipwreck: 165745295 End City: 10387313 Slime: 987234911 Nether: 30084232 Mansion: 10387319 Fossil: 14357921 Portal: 34222645
[13:25:49] [Server thread/INFO]: Experience Merge Radius: 3.0
[13:25:49] [Server thread/INFO]: Mob Spawn Range: 6
[13:25:49] [Server thread/INFO]: Cactus Growth Modifier: 100%
[13:25:49] [Server thread/INFO]: Cane Growth Modifier: 100%
[13:25:49] [Server thread/INFO]: Melon Growth Modifier: 100%
[13:25:49] [Server thread/INFO]: Mushroom Growth Modifier: 100%
[13:25:49] [Server thread/INFO]: Pumpkin Growth Modifier: 100%
[13:25:49] [Server thread/INFO]: Sapling Growth Modifier: 100%
[13:25:49] [Server thread/INFO]: Beetroot Growth Modifier: 100%
[13:25:49] [Server thread/INFO]: Carrot Growth Modifier: 100%
[13:25:49] [Server thread/INFO]: Potato Growth Modifier: 100%
[13:25:49] [Server thread/INFO]: Wheat Growth Modifier: 100%
[13:25:49] [Server thread/INFO]: NetherWart Growth Modifier: 100%
[13:25:49] [Server thread/INFO]: Vine Growth Modifier: 100%
[13:25:49] [Server thread/INFO]: Cocoa Growth Modifier: 100%
[13:25:49] [Server thread/INFO]: Bamboo Growth Modifier: 100%
[13:25:49] [Server thread/INFO]: SweetBerry Growth Modifier: 100%
[13:25:49] [Server thread/INFO]: Kelp Growth Modifier: 100%
[13:25:49] [Server thread/INFO]: Max TNT Explosions: 100
[13:25:49] [Server thread/INFO]: Tile Max Tick Time: 50ms Entity max Tick Time: 50ms
[13:25:49] [Server thread/INFO]: Item Despawn Rate: 6000
[13:25:49] [Server thread/INFO]: Item Merge Radius: 2.5
[13:25:49] [Server thread/INFO]: View Distance: 10
[13:25:49] [Server thread/INFO]: Simulation Distance: 10
[13:25:49] [Server thread/INFO]: Allow Zombie Pigmen to spawn from portal blocks: true
[13:25:49] [Server thread/INFO]: Arrow Despawn Rate: 1200 Trident Respawn Rate:1200
[13:25:49] [Server thread/INFO]: Zombie Aggressive Towards Villager: true
[13:25:49] [Server thread/INFO]: Nerfing mobs spawned from spawners: false
[13:25:49] [Server thread/INFO]: -------- World Settings For [world_the_end] --------
[13:25:49] [Server thread/INFO]: Entity Activation Range: An 32 / Mo 32 / Ra 48 / Mi 16 / Tiv true / Isa false
[13:25:49] [Server thread/INFO]: Entity Tracking Range: Pl 48 / An 48 / Mo 48 / Mi 32 / Other 64
[13:25:49] [Server thread/INFO]: Hopper Transfer: 8 Hopper Check: 1 Hopper Amount: 1 Hopper Can Load Chunks: false
[13:25:49] [Server thread/INFO]: Custom Map Seeds:  Village: 10387312 Desert: 14357617 Igloo: 14357618 Jungle: 14357619 Swamp: 14357620 Monument: 10387313 Ocean: 14357621 Shipwreck: 165745295 End City: 10387313 Slime: 987234911 Nether: 30084232 Mansion: 10387319 Fossil: 14357921 Portal: 34222645
[13:25:49] [Server thread/INFO]: Experience Merge Radius: 3.0
[13:25:49] [Server thread/INFO]: Mob Spawn Range: 6
[13:25:49] [Server thread/INFO]: Cactus Growth Modifier: 100%
[13:25:49] [Server thread/INFO]: Cane Growth Modifier: 100%
[13:25:49] [Server thread/INFO]: Melon Growth Modifier: 100%
[13:25:49] [Server thread/INFO]: Mushroom Growth Modifier: 100%
[13:25:49] [Server thread/INFO]: Pumpkin Growth Modifier: 100%
[13:25:49] [Server thread/INFO]: Sapling Growth Modifier: 100%
[13:25:49] [Server thread/INFO]: Beetroot Growth Modifier: 100%
[13:25:49] [Server thread/INFO]: Carrot Growth Modifier: 100%
[13:25:49] [Server thread/INFO]: Potato Growth Modifier: 100%
[13:25:49] [Server thread/INFO]: Wheat Growth Modifier: 100%
[13:25:49] [Server thread/INFO]: NetherWart Growth Modifier: 100%
[13:25:49] [Server thread/INFO]: Vine Growth Modifier: 100%
[13:25:49] [Server thread/INFO]: Cocoa Growth Modifier: 100%
[13:25:49] [Server thread/INFO]: Bamboo Growth Modifier: 100%
[13:25:49] [Server thread/INFO]: SweetBerry Growth Modifier: 100%
[13:25:49] [Server thread/INFO]: Kelp Growth Modifier: 100%
[13:25:49] [Server thread/INFO]: Max TNT Explosions: 100
[13:25:49] [Server thread/INFO]: Tile Max Tick Time: 50ms Entity max Tick Time: 50ms
[13:25:49] [Server thread/INFO]: Item Despawn Rate: 6000
[13:25:49] [Server thread/INFO]: Item Merge Radius: 2.5
[13:25:49] [Server thread/INFO]: View Distance: 10
[13:25:49] [Server thread/INFO]: Simulation Distance: 10
[13:25:49] [Server thread/INFO]: Allow Zombie Pigmen to spawn from portal blocks: true
[13:25:49] [Server thread/INFO]: Arrow Despawn Rate: 1200 Trident Respawn Rate:1200
[13:25:49] [Server thread/INFO]: Zombie Aggressive Towards Villager: true
[13:25:49] [Server thread/INFO]: Nerfing mobs spawned from spawners: false
[13:25:49] [Server thread/INFO]: [Skyblock] Disabling Skyblock v1.0-SNAPSHOT
[13:25:49] [Server thread/INFO]: Loaded 7 recipes
[13:25:50] [Server thread/ERROR]: Ambiguous plugin name `Skyblock' for files `plugins/Skyblock-1.0-SNAPSHOT.jar' and `plugins/original-Skyblock-1.0-SNAPSHOT.jar' in `plugins'
[13:25:50] [Server thread/INFO]: [Skyblock] Loading Skyblock v1.0-SNAPSHOT
[13:25:50] [Server thread/INFO]: [Skyblock] Enabling Skyblock v1.0-SNAPSHOT
[13:25:50] [Server thread/ERROR]: Error occurred while enabling Skyblock v1.0-SNAPSHOT (Is it up to date?)
java.lang.IllegalArgumentException: The embedded resource 'config.yml' cannot be found in plugins/Skyblock-1.0-SNAPSHOT.jar
	at org.bukkit.plugin.java.JavaPlugin.saveResource(JavaPlugin.java:193) ~[spigot-api-1.19-R0.1-SNAPSHOT.jar:?]
	at org.bukkit.plugin.java.JavaPlugin.saveDefaultConfig(JavaPlugin.java:180) ~[spigot-api-1.19-R0.1-SNAPSHOT.jar:?]
	at skyblock.skyblock.Skyblock.onEnable(Skyblock.java:27) ~[?:?]
	at org.bukkit.plugin.java.JavaPlugin.setEnabled(JavaPlugin.java:264) ~[spigot-api-1.19-R0.1-SNAPSHOT.jar:?]
	at org.bukkit.plugin.java.JavaPluginLoader.enablePlugin(JavaPluginLoader.java:342) ~[spigot-api-1.19-R0.1-SNAPSHOT.jar:?]
	at org.bukkit.plugin.SimplePluginManager.enablePlugin(SimplePluginManager.java:480) ~[spigot-api-1.19-R0.1-SNAPSHOT.jar:?]
	at org.bukkit.craftbukkit.v1_19_R1.CraftServer.enablePlugin(CraftServer.java:523) ~[spigot-1.19-R0.1-SNAPSHOT.jar:3552-Spigot-14a2382-fc30711]
	at org.bukkit.craftbukkit.v1_19_R1.CraftServer.enablePlugins(CraftServer.java:437) ~[spigot-1.19-R0.1-SNAPSHOT.jar:3552-Spigot-14a2382-fc30711]
	at org.bukkit.craftbukkit.v1_19_R1.CraftServer.reload(CraftServer.java:922) ~[spigot-1.19-R0.1-SNAPSHOT.jar:3552-Spigot-14a2382-fc30711]
	at org.bukkit.Bukkit.reload(Bukkit.java:801) ~[spigot-api-1.19-R0.1-SNAPSHOT.jar:?]
	at org.bukkit.command.defaults.ReloadCommand.execute(ReloadCommand.java:27) ~[spigot-api-1.19-R0.1-SNAPSHOT.jar:?]
	at org.bukkit.command.SimpleCommandMap.dispatch(SimpleCommandMap.java:149) ~[spigot-api-1.19-R0.1-SNAPSHOT.jar:?]
	at org.bukkit.craftbukkit.v1_19_R1.CraftServer.dispatchCommand(CraftServer.java:831) ~[spigot-1.19-R0.1-SNAPSHOT.jar:3552-Spigot-14a2382-fc30711]
	at org.bukkit.craftbukkit.v1_19_R1.CraftServer.dispatchServerCommand(CraftServer.java:816) ~[spigot-1.19-R0.1-SNAPSHOT.jar:3552-Spigot-14a2382-fc30711]
	at net.minecraft.server.dedicated.DedicatedServer.bg(DedicatedServer.java:419) ~[spigot-1.19-R0.1-SNAPSHOT.jar:3552-Spigot-14a2382-fc30711]
	at net.minecraft.server.dedicated.DedicatedServer.b(DedicatedServer.java:395) ~[spigot-1.19-R0.1-SNAPSHOT.jar:3552-Spigot-14a2382-fc30711]
	at net.minecraft.server.MinecraftServer.a(MinecraftServer.java:1197) ~[spigot-1.19-R0.1-SNAPSHOT.jar:3552-Spigot-14a2382-fc30711]
	at net.minecraft.server.MinecraftServer.v(MinecraftServer.java:1010) ~[spigot-1.19-R0.1-SNAPSHOT.jar:3552-Spigot-14a2382-fc30711]
	at net.minecraft.server.MinecraftServer.lambda$0(MinecraftServer.java:291) ~[spigot-1.19-R0.1-SNAPSHOT.jar:3552-Spigot-14a2382-fc30711]
	at java.lang.Thread.run(Thread.java:833) [?:?]
[13:25:50] [Server thread/INFO]: Server permissions file permissions.yml is empty, ignoring it
[13:25:50] [Server thread/INFO]: CONSOLE: [0;32;1mReload complete.[m
[13:26:39] [Server thread/INFO]: CONSOLE: [0;31;1mPlease note that this command is not supported and may cause issues when using some plugins.[m
[13:26:39] [Server thread/INFO]: CONSOLE: [0;31;1mIf you encounter any issues please use the /stop command to restart your server.[m
[13:26:39] [Server thread/INFO]: Debug logging is disabled
[13:26:39] [Server thread/INFO]: Server Ping Player Sample Count: 12
[13:26:39] [Server thread/INFO]: Using 4 threads for Netty based IO
[13:26:39] [Server thread/INFO]: -------- World Settings For [world] --------
[13:26:39] [Server thread/INFO]: Entity Activation Range: An 32 / Mo 32 / Ra 48 / Mi 16 / Tiv true / Isa false
[13:26:39] [Server thread/INFO]: Entity Tracking Range: Pl 48 / An 48 / Mo 48 / Mi 32 / Other 64
[13:26:39] [Server thread/INFO]: Hopper Transfer: 8 Hopper Check: 1 Hopper Amount: 1 Hopper Can Load Chunks: false
[13:26:39] [Server thread/INFO]: Custom Map Seeds:  Village: 10387312 Desert: 14357617 Igloo: 14357618 Jungle: 14357619 Swamp: 14357620 Monument: 10387313 Ocean: 14357621 Shipwreck: 165745295 End City: 10387313 Slime: 987234911 Nether: 30084232 Mansion: 10387319 Fossil: 14357921 Portal: 34222645
[13:26:39] [Server thread/INFO]: Experience Merge Radius: 3.0
[13:26:39] [Server thread/INFO]: Mob Spawn Range: 6
[13:26:39] [Server thread/INFO]: Cactus Growth Modifier: 100%
[13:26:39] [Server thread/INFO]: Cane Growth Modifier: 100%
[13:26:39] [Server thread/INFO]: Melon Growth Modifier: 100%
[13:26:39] [Server thread/INFO]: Mushroom Growth Modifier: 100%
[13:26:39] [Server thread/INFO]: Pumpkin Growth Modifier: 100%
[13:26:39] [Server thread/INFO]: Sapling Growth Modifier: 100%
[13:26:39] [Server thread/INFO]: Beetroot Growth Modifier: 100%
[13:26:39] [Server thread/INFO]: Carrot Growth Modifier: 100%
[13:26:39] [Server thread/INFO]: Potato Growth Modifier: 100%
[13:26:39] [Server thread/INFO]: Wheat Growth Modifier: 100%
[13:26:39] [Server thread/INFO]: NetherWart Growth Modifier: 100%
[13:26:39] [Server thread/INFO]: Vine Growth Modifier: 100%
[13:26:39] [Server thread/INFO]: Cocoa Growth Modifier: 100%
[13:26:39] [Server thread/INFO]: Bamboo Growth Modifier: 100%
[13:26:39] [Server thread/INFO]: SweetBerry Growth Modifier: 100%
[13:26:39] [Server thread/INFO]: Kelp Growth Modifier: 100%
[13:26:39] [Server thread/INFO]: Max TNT Explosions: 100
[13:26:39] [Server thread/INFO]: Tile Max Tick Time: 50ms Entity max Tick Time: 50ms
[13:26:39] [Server thread/INFO]: Item Despawn Rate: 6000
[13:26:39] [Server thread/INFO]: Item Merge Radius: 2.5
[13:26:39] [Server thread/INFO]: View Distance: 10
[13:26:39] [Server thread/INFO]: Simulation Distance: 10
[13:26:39] [Server thread/INFO]: Allow Zombie Pigmen to spawn from portal blocks: true
[13:26:39] [Server thread/INFO]: Arrow Despawn Rate: 1200 Trident Respawn Rate:1200
[13:26:39] [Server thread/INFO]: Zombie Aggressive Towards Villager: true
[13:26:39] [Server thread/INFO]: Nerfing mobs spawned from spawners: false
[13:26:39] [Server thread/INFO]: -------- World Settings For [world_nether] --------
[13:26:39] [Server thread/INFO]: Entity Activation Range: An 32 / Mo 32 / Ra 48 / Mi 16 / Tiv true / Isa false
[13:26:39] [Server thread/INFO]: Entity Tracking Range: Pl 48 / An 48 / Mo 48 / Mi 32 / Other 64
[13:26:39] [Server thread/INFO]: Hopper Transfer: 8 Hopper Check: 1 Hopper Amount: 1 Hopper Can Load Chunks: false
[13:26:39] [Server thread/INFO]: Custom Map Seeds:  Village: 10387312 Desert: 14357617 Igloo: 14357618 Jungle: 14357619 Swamp: 14357620 Monument: 10387313 Ocean: 14357621 Shipwreck: 165745295 End City: 10387313 Slime: 987234911 Nether: 30084232 Mansion: 10387319 Fossil: 14357921 Portal: 34222645
[13:26:39] [Server thread/INFO]: Experience Merge Radius: 3.0
[13:26:39] [Server thread/INFO]: Mob Spawn Range: 6
[13:26:39] [Server thread/INFO]: Cactus Growth Modifier: 100%
[13:26:39] [Server thread/INFO]: Cane Growth Modifier: 100%
[13:26:39] [Server thread/INFO]: Melon Growth Modifier: 100%
[13:26:39] [Server thread/INFO]: Mushroom Growth Modifier: 100%
[13:26:39] [Server thread/INFO]: Pumpkin Growth Modifier: 100%
[13:26:39] [Server thread/INFO]: Sapling Growth Modifier: 100%
[13:26:39] [Server thread/INFO]: Beetroot Growth Modifier: 100%
[13:26:39] [Server thread/INFO]: Carrot Growth Modifier: 100%
[13:26:39] [Server thread/INFO]: Potato Growth Modifier: 100%
[13:26:39] [Server thread/INFO]: Wheat Growth Modifier: 100%
[13:26:39] [Server thread/INFO]: NetherWart Growth Modifier: 100%
[13:26:39] [Server thread/INFO]: Vine Growth Modifier: 100%
[13:26:39] [Server thread/INFO]: Cocoa Growth Modifier: 100%
[13:26:39] [Server thread/INFO]: Bamboo Growth Modifier: 100%
[13:26:39] [Server thread/INFO]: SweetBerry Growth Modifier: 100%
[13:26:39] [Server thread/INFO]: Kelp Growth Modifier: 100%
[13:26:39] [Server thread/INFO]: Max TNT Explosions: 100
[13:26:39] [Server thread/INFO]: Tile Max Tick Time: 50ms Entity max Tick Time: 50ms
[13:26:39] [Server thread/INFO]: Item Despawn Rate: 6000
[13:26:39] [Server thread/INFO]: Item Merge Radius: 2.5
[13:26:39] [Server thread/INFO]: View Distance: 10
[13:26:39] [Server thread/INFO]: Simulation Distance: 10
[13:26:39] [Server thread/INFO]: Allow Zombie Pigmen to spawn from portal blocks: true
[13:26:39] [Server thread/INFO]: Arrow Despawn Rate: 1200 Trident Respawn Rate:1200
[13:26:39] [Server thread/INFO]: Zombie Aggressive Towards Villager: true
[13:26:39] [Server thread/INFO]: Nerfing mobs spawned from spawners: false
[13:26:39] [Server thread/INFO]: -------- World Settings For [world_the_end] --------
[13:26:39] [Server thread/INFO]: Entity Activation Range: An 32 / Mo 32 / Ra 48 / Mi 16 / Tiv true / Isa false
[13:26:39] [Server thread/INFO]: Entity Tracking Range: Pl 48 / An 48 / Mo 48 / Mi 32 / Other 64
[13:26:39] [Server thread/INFO]: Hopper Transfer: 8 Hopper Check: 1 Hopper Amount: 1 Hopper Can Load Chunks: false
[13:26:39] [Server thread/INFO]: Custom Map Seeds:  Village: 10387312 Desert: 14357617 Igloo: 14357618 Jungle: 14357619 Swamp: 14357620 Monument: 10387313 Ocean: 14357621 Shipwreck: 165745295 End City: 10387313 Slime: 987234911 Nether: 30084232 Mansion: 10387319 Fossil: 14357921 Portal: 34222645
[13:26:39] [Server thread/INFO]: Experience Merge Radius: 3.0
[13:26:39] [Server thread/INFO]: Mob Spawn Range: 6
[13:26:39] [Server thread/INFO]: Cactus Growth Modifier: 100%
[13:26:39] [Server thread/INFO]: Cane Growth Modifier: 100%
[13:26:39] [Server thread/INFO]: Melon Growth Modifier: 100%
[13:26:39] [Server thread/INFO]: Mushroom Growth Modifier: 100%
[13:26:39] [Server thread/INFO]: Pumpkin Growth Modifier: 100%
[13:26:39] [Server thread/INFO]: Sapling Growth Modifier: 100%
[13:26:39] [Server thread/INFO]: Beetroot Growth Modifier: 100%
[13:26:39] [Server thread/INFO]: Carrot Growth Modifier: 100%
[13:26:39] [Server thread/INFO]: Potato Growth Modifier: 100%
[13:26:39] [Server thread/INFO]: Wheat Growth Modifier: 100%
[13:26:39] [Server thread/INFO]: NetherWart Growth Modifier: 100%
[13:26:39] [Server thread/INFO]: Vine Growth Modifier: 100%
[13:26:39] [Server thread/INFO]: Cocoa Growth Modifier: 100%
[13:26:39] [Server thread/INFO]: Bamboo Growth Modifier: 100%
[13:26:39] [Server thread/INFO]: SweetBerry Growth Modifier: 100%
[13:26:39] [Server thread/INFO]: Kelp Growth Modifier: 100%
[13:26:39] [Server thread/INFO]: Max TNT Explosions: 100
[13:26:39] [Server thread/INFO]: Tile Max Tick Time: 50ms Entity max Tick Time: 50ms
[13:26:39] [Server thread/INFO]: Item Despawn Rate: 6000
[13:26:39] [Server thread/INFO]: Item Merge Radius: 2.5
[13:26:39] [Server thread/INFO]: View Distance: 10
[13:26:39] [Server thread/INFO]: Simulation Distance: 10
[13:26:39] [Server thread/INFO]: Allow Zombie Pigmen to spawn from portal blocks: true
[13:26:39] [Server thread/INFO]: Arrow Despawn Rate: 1200 Trident Respawn Rate:1200
[13:26:39] [Server thread/INFO]: Zombie Aggressive Towards Villager: true
[13:26:39] [Server thread/INFO]: Nerfing mobs spawned from spawners: false
[13:26:39] [Server thread/INFO]: [Skyblock] Disabling Skyblock v1.0-SNAPSHOT
[13:26:39] [Server thread/INFO]: Loaded 7 recipes
[13:26:39] [Server thread/ERROR]: Ambiguous plugin name `Skyblock' for files `plugins/Skyblock-1.0-SNAPSHOT.jar' and `plugins/original-Skyblock-1.0-SNAPSHOT.jar' in `plugins'
[13:26:39] [Server thread/INFO]: [Skyblock] Loading Skyblock v1.0-SNAPSHOT
[13:26:39] [Server thread/INFO]: [Skyblock] Enabling Skyblock v1.0-SNAPSHOT
[13:26:39] [Server thread/ERROR]: Error occurred while enabling Skyblock v1.0-SNAPSHOT (Is it up to date?)
java.lang.IllegalArgumentException: The embedded resource 'config.yml' cannot be found in plugins/Skyblock-1.0-SNAPSHOT.jar
	at org.bukkit.plugin.java.JavaPlugin.saveResource(JavaPlugin.java:193) ~[spigot-api-1.19-R0.1-SNAPSHOT.jar:?]
	at org.bukkit.plugin.java.JavaPlugin.saveDefaultConfig(JavaPlugin.java:180) ~[spigot-api-1.19-R0.1-SNAPSHOT.jar:?]
	at skyblock.skyblock.Skyblock.onEnable(Skyblock.java:27) ~[?:?]
	at org.bukkit.plugin.java.JavaPlugin.setEnabled(JavaPlugin.java:264) ~[spigot-api-1.19-R0.1-SNAPSHOT.jar:?]
	at org.bukkit.plugin.java.JavaPluginLoader.enablePlugin(JavaPluginLoader.java:342) ~[spigot-api-1.19-R0.1-SNAPSHOT.jar:?]
	at org.bukkit.plugin.SimplePluginManager.enablePlugin(SimplePluginManager.java:480) ~[spigot-api-1.19-R0.1-SNAPSHOT.jar:?]
	at org.bukkit.craftbukkit.v1_19_R1.CraftServer.enablePlugin(CraftServer.java:523) ~[spigot-1.19-R0.1-SNAPSHOT.jar:3552-Spigot-14a2382-fc30711]
	at org.bukkit.craftbukkit.v1_19_R1.CraftServer.enablePlugins(CraftServer.java:437) ~[spigot-1.19-R0.1-SNAPSHOT.jar:3552-Spigot-14a2382-fc30711]
	at org.bukkit.craftbukkit.v1_19_R1.CraftServer.reload(CraftServer.java:922) ~[spigot-1.19-R0.1-SNAPSHOT.jar:3552-Spigot-14a2382-fc30711]
	at org.bukkit.Bukkit.reload(Bukkit.java:801) ~[spigot-api-1.19-R0.1-SNAPSHOT.jar:?]
	at org.bukkit.command.defaults.ReloadCommand.execute(ReloadCommand.java:27) ~[spigot-api-1.19-R0.1-SNAPSHOT.jar:?]
	at org.bukkit.command.SimpleCommandMap.dispatch(SimpleCommandMap.java:149) ~[spigot-api-1.19-R0.1-SNAPSHOT.jar:?]
	at org.bukkit.craftbukkit.v1_19_R1.CraftServer.dispatchCommand(CraftServer.java:831) ~[spigot-1.19-R0.1-SNAPSHOT.jar:3552-Spigot-14a2382-fc30711]
	at org.bukkit.craftbukkit.v1_19_R1.CraftServer.dispatchServerCommand(CraftServer.java:816) ~[spigot-1.19-R0.1-SNAPSHOT.jar:3552-Spigot-14a2382-fc30711]
	at net.minecraft.server.dedicated.DedicatedServer.bg(DedicatedServer.java:419) ~[spigot-1.19-R0.1-SNAPSHOT.jar:3552-Spigot-14a2382-fc30711]
	at net.minecraft.server.dedicated.DedicatedServer.b(DedicatedServer.java:395) ~[spigot-1.19-R0.1-SNAPSHOT.jar:3552-Spigot-14a2382-fc30711]
	at net.minecraft.server.MinecraftServer.a(MinecraftServer.java:1197) ~[spigot-1.19-R0.1-SNAPSHOT.jar:3552-Spigot-14a2382-fc30711]
	at net.minecraft.server.MinecraftServer.v(MinecraftServer.java:1010) ~[spigot-1.19-R0.1-SNAPSHOT.jar:3552-Spigot-14a2382-fc30711]
	at net.minecraft.server.MinecraftServer.lambda$0(MinecraftServer.java:291) ~[spigot-1.19-R0.1-SNAPSHOT.jar:3552-Spigot-14a2382-fc30711]
	at java.lang.Thread.run(Thread.java:833) [?:?]
[13:26:39] [Server thread/INFO]: Server permissions file permissions.yml is empty, ignoring it
[13:26:39] [Server thread/INFO]: CONSOLE: [0;32;1mReload complete.[m
[13:28:01] [Thread-1/INFO]: Stopping server
[13:28:01] [Thread-1/INFO]: [Skyblock] Disabling Skyblock v1.0-SNAPSHOT
[13:28:01] [Thread-1/INFO]: Saving players
